<?xml version="1.0" encoding="UTF-8"?>
<!-- Generated by org.testng.reporters.JUnitXMLReporter -->
<testsuite ignored="0" hostname="DESKTOP-15J0K7Q" failures="0" tests="3" name="Test" time="19.232" errors="0" timestamp="2022-10-03T00:41:53 IST">
  <testcase classname="mystore.AutomateSignup" name="signUp" time="2.87"/>
  <testcase classname="mystore.AutomateLogin" name="login" time="1.049"/>
  <testcase classname="mystore.AddToCart" name="searchAndAddproduct" time="11.696"/>
</testsuite> <!-- Test -->
